<?xml version="1.0" encoding="UTF-8"?>
<!-- Generated by org.testng.reporters.JUnitReportReporter -->
<testsuite hostname="Sandesh-Jain" name="CalculatorTest.SpurQLabs.HomePage" tests="2" failures="0" timestamp="3 Feb 2021 18:16:18 GMT" time="5.999" errors="0">
  <testcase name="calculatorPageNavigation" time="5.855" classname="CalculatorTest.SpurQLabs.HomePage"/>
  <testcase name="testAssertFunctions" time="0.144" classname="CalculatorTest.SpurQLabs.HomePage"/>
</testsuite> <!-- CalculatorTest.SpurQLabs.HomePage -->
